2020-05-16 00:01:05 [main] ERROR com.demo.dao.impl.PositionDaoImpl - Message: Duplicate entry 'test' for key 'positions.job_name'
2020-05-16 00:01:05 [main] ERROR com.demo.dao.impl.PositionDaoImpl - Error code: 1062
2020-05-16 00:01:05 [main] ERROR com.demo.dao.impl.PositionDaoImpl - Sql state: 23000
2020-05-16 00:02:05 [main] ERROR com.demo.dao.impl.PositionDaoImpl - Position info can't be update because doesn't exists. Id: 1
2020-05-22 23:44:42 [main] ERROR com.demo.dao.impl.PositionDaoImpl - Position can't be deleted because doesn't exist. Id: 2
2020-05-22 23:46:08 [main] ERROR com.demo.dao.impl.PositionDaoImpl - Position can't be deleted because doesn't exist. Id: 2
2020-05-22 23:48:10 [main] ERROR com.demo.dao.impl.PositionDaoImpl - Position can't be deleted because doesn't exist. Id: 2
2020-05-22 23:56:47 [main] ERROR com.demo.dao.impl.PositionDaoImpl - Position can't be deleted because doesn't exist. Id: 2
2020-05-22 23:57:26 [main] ERROR com.demo.dao.impl.PositionDaoImpl - Position can't be deleted because doesn't exist. Id: 2
2020-05-22 23:59:50 [main] ERROR com.demo.dao.impl.PositionDaoImpl - Position can't be deleted because doesn't exist. Id: 0
2020-05-23 00:01:11 [main] ERROR com.demo.dao.impl.PositionDaoImpl - Position can't be deleted because doesn't exist. Id: 2
2020-05-23 00:02:16 [main] ERROR com.demo.dao.impl.PositionDaoImpl - Position can't be deleted because doesn't exist. Id: 2
2020-05-23 00:15:21 [main] ERROR com.demo.dao.impl.TripDaoImpl - Trip with id 1 doesn't exists
2020-05-23 00:15:48 [main] ERROR com.demo.dao.impl.TripDaoImpl - Trip with id 2 doesn't exists
2020-05-23 00:26:34 [main] ERROR com.demo.dao.impl.TicketDaoImpl - Ticket with id 1 doesn't exists
2020-05-23 13:30:04 [main] ERROR com.demo.dao.impl.UserDaoImpl - Message: Duplicate entry 'test@gmail.com' for key 'users.email'
2020-05-23 13:30:04 [main] ERROR com.demo.dao.impl.UserDaoImpl - Error code: 1062
2020-05-23 13:30:04 [main] ERROR com.demo.dao.impl.UserDaoImpl - Sql state: 23000
2020-05-23 13:32:25 [main] ERROR com.demo.dao.impl.PositionDaoImpl - Message: Duplicate entry 'test' for key 'positions.job_name'
2020-05-23 13:32:25 [main] ERROR com.demo.dao.impl.PositionDaoImpl - Error code: 1062
2020-05-23 13:32:25 [main] ERROR com.demo.dao.impl.PositionDaoImpl - Sql state: 23000
